[INFO ] 2025-07-27 17:16:19.832 [main] listeners.ReportListeners::onStart::70 - Test Suite execution started.
[INFO ] 2025-07-27 17:16:22.140 [main] factory.DriverFactory::initializeDriver::29 - Chrome browser launched.
[INFO ] 2025-07-27 17:16:22.164 [main] factory.DriverFactory::initializeDriver::32 - Implicit wait set to 10 seconds.
[INFO ] 2025-07-27 17:16:22.246 [main] factory.DriverFactory::initializeDriver::34 - Webdriver initialised successfully.
[INFO ] 2025-07-27 17:16:22.247 [main] base.BaseTest::setup::22 - Navigated to url: https://www.saucedemo.com
[INFO ] 2025-07-27 17:16:22.726 [main] listeners.ReportListeners::onTestStart::27 - Test case 'testLoginWithValidCredentials' execution started.
[INFO ] 2025-07-27 17:16:22.737 [main] listeners.ReportListeners::onTestStart::28 - Test description - 'Test to verify login with valid credentials.'.
[INFO ] 2025-07-27 17:16:22.981 [main] pages.LoginPage::login::30 - Entered 'standard_user' in the username textbox.
[INFO ] 2025-07-27 17:16:23.127 [main] pages.LoginPage::login::33 - Entered 'secret_sauce' in the password textbox.
[INFO ] 2025-07-27 17:16:23.330 [main] pages.LoginPage::login::36 - Clicked on the Login button.
[INFO ] 2025-07-27 17:16:23.389 [main] pages.ProductsPage::isPageDisplayed::46 - Products page displayed.
[INFO ] 2025-07-27 17:16:23.398 [main] listeners.ReportListeners::onTestSuccess::38 - Test case 'testLoginWithValidCredentials' execution Passed.
[INFO ] 2025-07-27 17:16:24.849 [main] factory.DriverFactory::initializeDriver::29 - Chrome browser launched.
[INFO ] 2025-07-27 17:16:24.879 [main] factory.DriverFactory::initializeDriver::32 - Implicit wait set to 10 seconds.
[INFO ] 2025-07-27 17:16:25.029 [main] factory.DriverFactory::initializeDriver::34 - Webdriver initialised successfully.
[INFO ] 2025-07-27 17:16:25.030 [main] base.BaseTest::setup::22 - Navigated to url: https://www.saucedemo.com
[INFO ] 2025-07-27 17:16:25.994 [main] listeners.ReportListeners::onTestStart::27 - Test case 'testLoginWithLockedCredentials' execution started.
[INFO ] 2025-07-27 17:16:25.995 [main] listeners.ReportListeners::onTestStart::28 - Test description - 'Test to verify login with locked credentials.'.
[INFO ] 2025-07-27 17:16:25.998 [main] listeners.ReportListeners::onTestSkipped::60 - Test case 'testLoginWithLockedCredentials' execution skipped.
[INFO ] 2025-07-27 17:16:25.998 [main] listeners.ReportListeners::onTestSkipped::61 - Exception occured: org.testng.SkipException: This test is Intentionally skipped for ITestListener test.
[INFO ] 2025-07-27 17:16:27.616 [main] factory.DriverFactory::initializeDriver::29 - Chrome browser launched.
[INFO ] 2025-07-27 17:16:27.633 [main] factory.DriverFactory::initializeDriver::32 - Implicit wait set to 10 seconds.
[INFO ] 2025-07-27 17:16:27.713 [main] factory.DriverFactory::initializeDriver::34 - Webdriver initialised successfully.
[INFO ] 2025-07-27 17:16:27.713 [main] base.BaseTest::setup::22 - Navigated to url: https://www.saucedemo.com
[INFO ] 2025-07-27 17:16:28.267 [main] listeners.ReportListeners::onTestStart::27 - Test case 'testLoginWithBlankCredentials' execution started.
[INFO ] 2025-07-27 17:16:28.268 [main] listeners.ReportListeners::onTestStart::28 - Test description - 'Test to verify login with blank credentials.'.
[INFO ] 2025-07-27 17:16:28.434 [main] pages.LoginPage::login::30 - Entered '' in the username textbox.
[INFO ] 2025-07-27 17:16:28.602 [main] pages.LoginPage::login::33 - Entered '' in the password textbox.
[INFO ] 2025-07-27 17:16:28.741 [main] pages.LoginPage::login::36 - Clicked on the Login button.
[INFO ] 2025-07-27 17:16:28.840 [main] pages.LoginPage::getErrorText::69 - Error message 'Epic sadface: Username is required' is displayed on Login page.
[WARN ] 2025-07-27 17:16:28.852 [main] listeners.RetryTests::retry::22 - Retrying test: Attempt 1 of 3
[INFO ] 2025-07-27 17:16:28.853 [main] listeners.ReportListeners::onTestSkipped::60 - Test case 'testLoginWithBlankCredentials' execution skipped.
[INFO ] 2025-07-27 17:16:28.853 [main] listeners.ReportListeners::onTestSkipped::61 - Exception occured: java.lang.AssertionError: Error message on the Login Page is incorrect. expected [Username Required] but found [Epic sadface: Username is required]
[INFO ] 2025-07-27 17:16:30.414 [main] factory.DriverFactory::initializeDriver::29 - Chrome browser launched.
[INFO ] 2025-07-27 17:16:30.452 [main] factory.DriverFactory::initializeDriver::32 - Implicit wait set to 10 seconds.
[INFO ] 2025-07-27 17:16:30.508 [main] factory.DriverFactory::initializeDriver::34 - Webdriver initialised successfully.
[INFO ] 2025-07-27 17:16:30.509 [main] base.BaseTest::setup::22 - Navigated to url: https://www.saucedemo.com
[INFO ] 2025-07-27 17:16:31.132 [main] listeners.ReportListeners::onTestStart::27 - Test case 'testLoginWithBlankCredentials' execution started.
[INFO ] 2025-07-27 17:16:31.132 [main] listeners.ReportListeners::onTestStart::28 - Test description - 'Test to verify login with blank credentials.'.
[INFO ] 2025-07-27 17:16:31.282 [main] pages.LoginPage::login::30 - Entered '' in the username textbox.
[INFO ] 2025-07-27 17:16:31.405 [main] pages.LoginPage::login::33 - Entered '' in the password textbox.
[INFO ] 2025-07-27 17:16:31.532 [main] pages.LoginPage::login::36 - Clicked on the Login button.
[INFO ] 2025-07-27 17:16:31.629 [main] pages.LoginPage::getErrorText::69 - Error message 'Epic sadface: Username is required' is displayed on Login page.
[WARN ] 2025-07-27 17:16:31.630 [main] listeners.RetryTests::retry::22 - Retrying test: Attempt 2 of 3
[INFO ] 2025-07-27 17:16:31.630 [main] listeners.ReportListeners::onTestSkipped::60 - Test case 'testLoginWithBlankCredentials' execution skipped.
[INFO ] 2025-07-27 17:16:31.630 [main] listeners.ReportListeners::onTestSkipped::61 - Exception occured: java.lang.AssertionError: Error message on the Login Page is incorrect. expected [Username Required] but found [Epic sadface: Username is required]
[INFO ] 2025-07-27 17:16:33.504 [main] factory.DriverFactory::initializeDriver::29 - Chrome browser launched.
[INFO ] 2025-07-27 17:16:33.532 [main] factory.DriverFactory::initializeDriver::32 - Implicit wait set to 10 seconds.
[INFO ] 2025-07-27 17:16:33.608 [main] factory.DriverFactory::initializeDriver::34 - Webdriver initialised successfully.
[INFO ] 2025-07-27 17:16:33.608 [main] base.BaseTest::setup::22 - Navigated to url: https://www.saucedemo.com
[INFO ] 2025-07-27 17:16:34.260 [main] listeners.ReportListeners::onTestStart::27 - Test case 'testLoginWithBlankCredentials' execution started.
[INFO ] 2025-07-27 17:16:34.261 [main] listeners.ReportListeners::onTestStart::28 - Test description - 'Test to verify login with blank credentials.'.
[INFO ] 2025-07-27 17:16:34.425 [main] pages.LoginPage::login::30 - Entered '' in the username textbox.
[INFO ] 2025-07-27 17:16:34.577 [main] pages.LoginPage::login::33 - Entered '' in the password textbox.
[INFO ] 2025-07-27 17:16:34.742 [main] pages.LoginPage::login::36 - Clicked on the Login button.
[INFO ] 2025-07-27 17:16:34.858 [main] pages.LoginPage::getErrorText::69 - Error message 'Epic sadface: Username is required' is displayed on Login page.
[WARN ] 2025-07-27 17:16:34.859 [main] listeners.RetryTests::retry::22 - Retrying test: Attempt 3 of 3
[INFO ] 2025-07-27 17:16:34.859 [main] listeners.ReportListeners::onTestSkipped::60 - Test case 'testLoginWithBlankCredentials' execution skipped.
[INFO ] 2025-07-27 17:16:34.860 [main] listeners.ReportListeners::onTestSkipped::61 - Exception occured: java.lang.AssertionError: Error message on the Login Page is incorrect. expected [Username Required] but found [Epic sadface: Username is required]
[INFO ] 2025-07-27 17:16:36.857 [main] factory.DriverFactory::initializeDriver::29 - Chrome browser launched.
[INFO ] 2025-07-27 17:16:36.875 [main] factory.DriverFactory::initializeDriver::32 - Implicit wait set to 10 seconds.
[INFO ] 2025-07-27 17:16:37.000 [main] factory.DriverFactory::initializeDriver::34 - Webdriver initialised successfully.
[INFO ] 2025-07-27 17:16:37.001 [main] base.BaseTest::setup::22 - Navigated to url: https://www.saucedemo.com
[INFO ] 2025-07-27 17:16:37.604 [main] listeners.ReportListeners::onTestStart::27 - Test case 'testLoginWithBlankCredentials' execution started.
[INFO ] 2025-07-27 17:16:37.604 [main] listeners.ReportListeners::onTestStart::28 - Test description - 'Test to verify login with blank credentials.'.
[INFO ] 2025-07-27 17:16:37.738 [main] pages.LoginPage::login::30 - Entered '' in the username textbox.
[INFO ] 2025-07-27 17:16:37.882 [main] pages.LoginPage::login::33 - Entered '' in the password textbox.
[INFO ] 2025-07-27 17:16:38.040 [main] pages.LoginPage::login::36 - Clicked on the Login button.
[INFO ] 2025-07-27 17:16:38.143 [main] pages.LoginPage::getErrorText::69 - Error message 'Epic sadface: Username is required' is displayed on Login page.
[INFO ] 2025-07-27 17:16:38.144 [main] listeners.ReportListeners::onTestFailure::46 - Test case 'testLoginWithBlankCredentials' execution failed.
[INFO ] 2025-07-27 17:16:38.144 [main] listeners.ReportListeners::onTestFailure::47 - Exception occured: java.lang.AssertionError: Error message on the Login Page is incorrect. expected [Username Required] but found [Epic sadface: Username is required]
[INFO ] 2025-07-27 17:16:38.330 [main] listeners.ReportListeners::onTestFailure::49 - Screenshot saved at: C:\Software_Testing\Automation_Testing\automationSnippits\eclipse-workspace\selenium-automation-rerun-failing-test-using-iretryanalyzer\screenshots\Screenshot_testLoginWithBlankCredentials_27072025_171638.png
[INFO ] 2025-07-27 17:16:39.835 [main] factory.DriverFactory::initializeDriver::29 - Chrome browser launched.
[INFO ] 2025-07-27 17:16:39.856 [main] factory.DriverFactory::initializeDriver::32 - Implicit wait set to 10 seconds.
[INFO ] 2025-07-27 17:16:39.897 [main] factory.DriverFactory::initializeDriver::34 - Webdriver initialised successfully.
[INFO ] 2025-07-27 17:16:39.898 [main] base.BaseTest::setup::22 - Navigated to url: https://www.saucedemo.com
[INFO ] 2025-07-27 17:16:40.003 [main] listeners.ReportListeners::onTestStart::27 - Test case 'testLoginWithInvalidCredentials' execution started.
[INFO ] 2025-07-27 17:16:40.003 [main] listeners.ReportListeners::onTestStart::28 - Test description - 'Test to verify login with invalid credentials.'.
[INFO ] 2025-07-27 17:16:40.618 [main] pages.LoginPage::login::30 - Entered 'Invalid_user' in the username textbox.
[INFO ] 2025-07-27 17:16:40.761 [main] pages.LoginPage::login::33 - Entered 'Invalid_Pass' in the password textbox.
[INFO ] 2025-07-27 17:16:40.910 [main] pages.LoginPage::login::36 - Clicked on the Login button.
[INFO ] 2025-07-27 17:16:40.993 [main] pages.LoginPage::getErrorText::69 - Error message 'Epic sadface: Username and password do not match any user in this service' is displayed on Login page.
[INFO ] 2025-07-27 17:16:40.994 [main] listeners.ReportListeners::onTestSuccess::38 - Test case 'testLoginWithInvalidCredentials' execution Passed.
[INFO ] 2025-07-27 17:16:42.601 [main] factory.DriverFactory::initializeDriver::29 - Chrome browser launched.
[INFO ] 2025-07-27 17:16:42.616 [main] factory.DriverFactory::initializeDriver::32 - Implicit wait set to 10 seconds.
[INFO ] 2025-07-27 17:16:42.649 [main] factory.DriverFactory::initializeDriver::34 - Webdriver initialised successfully.
[INFO ] 2025-07-27 17:16:42.649 [main] base.BaseTest::setup::22 - Navigated to url: https://www.saucedemo.com
[INFO ] 2025-07-27 17:16:43.217 [main] listeners.ReportListeners::onTestStart::27 - Test case 'testLogout' execution started.
[INFO ] 2025-07-27 17:16:43.217 [main] listeners.ReportListeners::onTestStart::28 - Test description - 'Test to verify logout functionality.'.
[INFO ] 2025-07-27 17:16:43.410 [main] pages.LoginPage::login::30 - Entered 'standard_user' in the username textbox.
[INFO ] 2025-07-27 17:16:43.550 [main] pages.LoginPage::login::33 - Entered 'secret_sauce' in the password textbox.
[INFO ] 2025-07-27 17:16:43.746 [main] pages.LoginPage::login::36 - Clicked on the Login button.
[INFO ] 2025-07-27 17:16:43.895 [main] pages.ProductsPage::logout::29 - Clicked on the Menu button.
[INFO ] 2025-07-27 17:16:44.596 [main] pages.ProductsPage::logout::32 - Clicked on the Logout link.
[INFO ] 2025-07-27 17:16:44.633 [main] pages.LoginPage::isPageDisplayed::50 - Login page displayed.
[INFO ] 2025-07-27 17:16:44.634 [main] listeners.ReportListeners::onTestSuccess::38 - Test case 'testLogout' execution Passed.
[INFO ] 2025-07-27 17:16:44.997 [main] listeners.ReportListeners::onFinish::76 - Test Suite execution ended.
[INFO ] 2025-07-27 17:16:45.524 [main] listeners.ReportListeners::onFinish::78 - ExtentReport generated.
